<?xml version="1.0" encoding="UTF-8"?>
<testsuite xmlns:xsi="http://www.w3.org/2001/XMLSchema-instance" xsi:noNamespaceSchemaLocation="https://maven.apache.org/surefire/maven-surefire-plugin/xsd/surefire-test-report-3.0.xsd" version="3.0" name="com.example.restaurant.mapper.MenuItemMapperTest" time="0.164" tests="2" errors="0" skipped="0" failures="0">
  <properties>
[...]
</properties>
  <testcase name="testChilliesToSpiceLevelMapping" classname="com.example.restaurant.mapper.MenuItemMapperTest" time="0.002">
    <system-out><![CDATA[&amp#27;[2m2025-06-30T22:32:38.618+02:00&amp#27;[0;39m &amp#27;[32m INFO&amp#27;[0;39m &amp#27;[35m60787&amp#27;[0;39m &amp#27;[2m---&amp#27;[0;39m &amp#27;[2m[           main]&amp#27;[0;39m &amp#27;[2m&amp#27;[0;39m&amp#27;[36mt.c.s.AnnotationConfigContextLoaderUtils&amp#27;[0;39m &amp#27;[2m:&amp#27;[0;39m Could not detect default configuration classes for test class [com.example.restaurant.mapper.MenuItemMapperTest]: MenuItemMapperTest does not declare any static, non-private, non-final, nested classes annotated with @Configuration.
&amp#27;[2m2025-06-30T22:32:38.622+02:00&amp#27;[0;39m &amp#27;[32m INFO&amp#27;[0;39m &amp#27;[35m60787&amp#27;[0;39m &amp#27;[2m---&amp#27;[0;39m &amp#27;[2m[           main]&amp#27;[0;39m &amp#27;[2m&amp#27;[0;39m&amp#27;[36m.b.t.c.SpringBootTestContextBootstrapper&amp#27;[0;39m &amp#27;[2m:&amp#27;[0;39m Found @SpringBootConfiguration com.example.restaurant.RestaurantApp for test class com.example.restaurant.mapper.MenuItemMapperTest

  .   ____          _            __ _ _
 /\\ / ___'_ __ _ _(_)_ __  __ _ \ \ \ \
( ( )\___ | '_ | '_| | '_ \/ _` | \ \ \ \
 \\/  ___)| |_)| | | | | || (_| |  ) ) ) )
  '  |____| .__|_| |_|_| |_\__, | / / / /
 =========|_|==============|___/=/_/_/_/
&amp#27;[32m :: Spring Boot :: &amp#27;[39m              &amp#27;[2m (v3.2.0)&amp#27;[0;39m

&amp#27;[2m2025-06-30T22:32:38.631+02:00&amp#27;[0;39m &amp#27;[32m INFO&amp#27;[0;39m &amp#27;[35m60787&amp#27;[0;39m &amp#27;[2m---&amp#27;[0;39m &amp#27;[2m[           main]&amp#27;[0;39m &amp#27;[2m&amp#27;[0;39m&amp#27;[36mc.e.r.mapper.MenuItemMapperTest         &amp#27;[0;39m &amp#27;[2m:&amp#27;[0;39m Starting MenuItemMapperTest using Java 23.0.2 with PID 60787 (started by s.latif in /Users/s.latif/projects/restaurant)
&amp#27;[2m2025-06-30T22:32:38.631+02:00&amp#27;[0;39m &amp#27;[32m INFO&amp#27;[0;39m &amp#27;[35m60787&amp#27;[0;39m &amp#27;[2m---&amp#27;[0;39m &amp#27;[2m[           main]&amp#27;[0;39m &amp#27;[2m&amp#27;[0;39m&amp#27;[36mc.e.r.mapper.MenuItemMapperTest         &amp#27;[0;39m &amp#27;[2m:&amp#27;[0;39m No active profile set, falling back to 1 default profile: "default"
&amp#27;[2m2025-06-30T22:32:38.675+02:00&amp#27;[0;39m &amp#27;[32m INFO&amp#27;[0;39m &amp#27;[35m60787&amp#27;[0;39m &amp#27;[2m---&amp#27;[0;39m &amp#27;[2m[           main]&amp#27;[0;39m &amp#27;[2m&amp#27;[0;39m&amp#27;[36m.s.d.r.c.RepositoryConfigurationDelegate&amp#27;[0;39m &amp#27;[2m:&amp#27;[0;39m Bootstrapping Spring Data JPA repositories in DEFAULT mode.
&amp#27;[2m2025-06-30T22:32:38.681+02:00&amp#27;[0;39m &amp#27;[32m INFO&amp#27;[0;39m &amp#27;[35m60787&amp#27;[0;39m &amp#27;[2m---&amp#27;[0;39m &amp#27;[2m[           main]&amp#27;[0;39m &amp#27;[2m&amp#27;[0;39m&amp#27;[36m.s.d.r.c.RepositoryConfigurationDelegate&amp#27;[0;39m &amp#27;[2m:&amp#27;[0;39m Finished Spring Data repository scanning in 6 ms. Found 2 JPA repository interfaces.
&amp#27;[2m2025-06-30T22:32:38.703+02:00&amp#27;[0;39m &amp#27;[32m INFO&amp#27;[0;39m &amp#27;[35m60787&amp#27;[0;39m &amp#27;[2m---&amp#27;[0;39m &amp#27;[2m[           main]&amp#27;[0;39m &amp#27;[2m&amp#27;[0;39m&amp#27;[36mo.hibernate.jpa.internal.util.LogHelper &amp#27;[0;39m &amp#27;[2m:&amp#27;[0;39m HHH000204: Processing PersistenceUnitInfo [name: default]
&amp#27;[2m2025-06-30T22:32:38.703+02:00&amp#27;[0;39m &amp#27;[32m INFO&amp#27;[0;39m &amp#27;[35m60787&amp#27;[0;39m &amp#27;[2m---&amp#27;[0;39m &amp#27;[2m[           main]&amp#27;[0;39m &amp#27;[2m&amp#27;[0;39m&amp#27;[36mo.h.c.internal.RegionFactoryInitiator   &amp#27;[0;39m &amp#27;[2m:&amp#27;[0;39m HHH000026: Second-level cache disabled
&amp#27;[2m2025-06-30T22:32:38.705+02:00&amp#27;[0;39m &amp#27;[32m INFO&amp#27;[0;39m &amp#27;[35m60787&amp#27;[0;39m &amp#27;[2m---&amp#27;[0;39m &amp#27;[2m[           main]&amp#27;[0;39m &amp#27;[2m&amp#27;[0;39m&amp#27;[36mo.s.o.j.p.SpringPersistenceUnitInfo     &amp#27;[0;39m &amp#27;[2m:&amp#27;[0;39m No LoadTimeWeaver setup: ignoring JPA class transformer
&amp#27;[2m2025-06-30T22:32:38.705+02:00&amp#27;[0;39m &amp#27;[32m INFO&amp#27;[0;39m &amp#27;[35m60787&amp#27;[0;39m &amp#27;[2m---&amp#27;[0;39m &amp#27;[2m[           main]&amp#27;[0;39m &amp#27;[2m&amp#27;[0;39m&amp#27;[36mcom.zaxxer.hikari.HikariDataSource      &amp#27;[0;39m &amp#27;[2m:&amp#27;[0;39m HikariPool-2 - Starting...
&amp#27;[2m2025-06-30T22:32:38.705+02:00&amp#27;[0;39m &amp#27;[32m INFO&amp#27;[0;39m &amp#27;[35m60787&amp#27;[0;39m &amp#27;[2m---&amp#27;[0;39m &amp#27;[2m[           main]&amp#27;[0;39m &amp#27;[2m&amp#27;[0;39m&amp#27;[36mcom.zaxxer.hikari.pool.HikariPool       &amp#27;[0;39m &amp#27;[2m:&amp#27;[0;39m HikariPool-2 - Added connection conn10: url=jdbc:h2:mem:restaurantdb user=SA
&amp#27;[2m2025-06-30T22:32:38.705+02:00&amp#27;[0;39m &amp#27;[32m INFO&amp#27;[0;39m &amp#27;[35m60787&amp#27;[0;39m &amp#27;[2m---&amp#27;[0;39m &amp#27;[2m[           main]&amp#27;[0;39m &amp#27;[2m&amp#27;[0;39m&amp#27;[36mcom.zaxxer.hikari.HikariDataSource      &amp#27;[0;39m &amp#27;[2m:&amp#27;[0;39m HikariPool-2 - Start completed.
&amp#27;[2m2025-06-30T22:32:38.705+02:00&amp#27;[0;39m &amp#27;[33m WARN&amp#27;[0;39m &amp#27;[35m60787&amp#27;[0;39m &amp#27;[2m---&amp#27;[0;39m &amp#27;[2m[           main]&amp#27;[0;39m &amp#27;[2m&amp#27;[0;39m&amp#27;[36morg.hibernate.orm.deprecation           &amp#27;[0;39m &amp#27;[2m:&amp#27;[0;39m HHH90000025: H2Dialect does not need to be specified explicitly using 'hibernate.dialect' (remove the property setting and it will be selected by default)
&amp#27;[2m2025-06-30T22:32:38.722+02:00&amp#27;[0;39m &amp#27;[32m INFO&amp#27;[0;39m &amp#27;[35m60787&amp#27;[0;39m &amp#27;[2m---&amp#27;[0;39m &amp#27;[2m[           main]&amp#27;[0;39m &amp#27;[2m&amp#27;[0;39m&amp#27;[36mo.h.e.t.j.p.i.JtaPlatformInitiator      &amp#27;[0;39m &amp#27;[2m:&amp#27;[0;39m HHH000489: No JTA platform available (set 'hibernate.transaction.jta.platform' to enable JTA platform integration)
&amp#27;[2m2025-06-30T22:32:38.725+02:00&amp#27;[0;39m &amp#27;[32m INFO&amp#27;[0;39m &amp#27;[35m60787&amp#27;[0;39m &amp#27;[2m---&amp#27;[0;39m &amp#27;[2m[           main]&amp#27;[0;39m &amp#27;[2m&amp#27;[0;39m&amp#27;[36mj.LocalContainerEntityManagerFactoryBean&amp#27;[0;39m &amp#27;[2m:&amp#27;[0;39m Initialized JPA EntityManagerFactory for persistence unit 'default'
&amp#27;[2m2025-06-30T22:32:38.746+02:00&amp#27;[0;39m &amp#27;[32mDEBUG&amp#27;[0;39m &amp#27;[35m60787&amp#27;[0;39m &amp#27;[2m---&amp#27;[0;39m &amp#27;[2m[           main]&amp#27;[0;39m &amp#27;[2m&amp#27;[0;39m&amp#27;[36morg.hibernate.SQL                       &amp#27;[0;39m &amp#27;[2m:&amp#27;[0;39m select count(*) from menu_item mi1_0
&amp#27;[2m2025-06-30T22:32:38.748+02:00&amp#27;[0;39m &amp#27;[32mDEBUG&amp#27;[0;39m &amp#27;[35m60787&amp#27;[0;39m &amp#27;[2m---&amp#27;[0;39m &amp#27;[2m[           main]&amp#27;[0;39m &amp#27;[2m&amp#27;[0;39m&amp#27;[36morg.hibernate.SQL                       &amp#27;[0;39m &amp#27;[2m:&amp#27;[0;39m insert into menu_item (available,category,description,name,price,spice_level,id) values (?,?,?,?,?,?,default)
&amp#27;[2m2025-06-30T22:32:38.749+02:00&amp#27;[0;39m &amp#27;[32mDEBUG&amp#27;[0;39m &amp#27;[35m60787&amp#27;[0;39m &amp#27;[2m---&amp#27;[0;39m &amp#27;[2m[           main]&amp#27;[0;39m &amp#27;[2m&amp#27;[0;39m&amp#27;[36morg.hibernate.SQL                       &amp#27;[0;39m &amp#27;[2m:&amp#27;[0;39m insert into menu_item (available,category,description,name,price,spice_level,id) values (?,?,?,?,?,?,default)
&amp#27;[2m2025-06-30T22:32:38.749+02:00&amp#27;[0;39m &amp#27;[32mDEBUG&amp#27;[0;39m &amp#27;[35m60787&amp#27;[0;39m &amp#27;[2m---&amp#27;[0;39m &amp#27;[2m[           main]&amp#27;[0;39m &amp#27;[2m&amp#27;[0;39m&amp#27;[36morg.hibernate.SQL                       &amp#27;[0;39m &amp#27;[2m:&amp#27;[0;39m insert into menu_item (available,category,description,name,price,spice_level,id) values (?,?,?,?,?,?,default)
&amp#27;[2m2025-06-30T22:32:38.749+02:00&amp#27;[0;39m &amp#27;[32mDEBUG&amp#27;[0;39m &amp#27;[35m60787&amp#27;[0;39m &amp#27;[2m---&amp#27;[0;39m &amp#27;[2m[           main]&amp#27;[0;39m &amp#27;[2m&amp#27;[0;39m&amp#27;[36morg.hibernate.SQL                       &amp#27;[0;39m &amp#27;[2m:&amp#27;[0;39m insert into menu_item (available,category,description,name,price,spice_level,id) values (?,?,?,?,?,?,default)
&amp#27;[2m2025-06-30T22:32:38.749+02:00&amp#27;[0;39m &amp#27;[32mDEBUG&amp#27;[0;39m &amp#27;[35m60787&amp#27;[0;39m &amp#27;[2m---&amp#27;[0;39m &amp#27;[2m[           main]&amp#27;[0;39m &amp#27;[2m&amp#27;[0;39m&amp#27;[36morg.hibernate.SQL                       &amp#27;[0;39m &amp#27;[2m:&amp#27;[0;39m insert into menu_item (available,category,description,name,price,spice_level,id) values (?,?,?,?,?,?,default)
&amp#27;[2m2025-06-30T22:32:38.750+02:00&amp#27;[0;39m &amp#27;[32mDEBUG&amp#27;[0;39m &amp#27;[35m60787&amp#27;[0;39m &amp#27;[2m---&amp#27;[0;39m &amp#27;[2m[           main]&amp#27;[0;39m &amp#27;[2m&amp#27;[0;39m&amp#27;[36morg.hibernate.SQL                       &amp#27;[0;39m &amp#27;[2m:&amp#27;[0;39m insert into menu_item (available,category,description,name,price,spice_level,id) values (?,?,?,?,?,?,default)
&amp#27;[2m2025-06-30T22:32:38.750+02:00&amp#27;[0;39m &amp#27;[32mDEBUG&amp#27;[0;39m &amp#27;[35m60787&amp#27;[0;39m &amp#27;[2m---&amp#27;[0;39m &amp#27;[2m[           main]&amp#27;[0;39m &amp#27;[2m&amp#27;[0;39m&amp#27;[36morg.hibernate.SQL                       &amp#27;[0;39m &amp#27;[2m:&amp#27;[0;39m insert into menu_item (available,category,description,name,price,spice_level,id) values (?,?,?,?,?,?,default)
&amp#27;[2m2025-06-30T22:32:38.750+02:00&amp#27;[0;39m &amp#27;[32mDEBUG&amp#27;[0;39m &amp#27;[35m60787&amp#27;[0;39m &amp#27;[2m---&amp#27;[0;39m &amp#27;[2m[           main]&amp#27;[0;39m &amp#27;[2m&amp#27;[0;39m&amp#27;[36morg.hibernate.SQL                       &amp#27;[0;39m &amp#27;[2m:&amp#27;[0;39m insert into menu_item (available,category,description,name,price,spice_level,id) values (?,?,?,?,?,?,default)
&amp#27;[2m2025-06-30T22:32:38.750+02:00&amp#27;[0;39m &amp#27;[32mDEBUG&amp#27;[0;39m &amp#27;[35m60787&amp#27;[0;39m &amp#27;[2m---&amp#27;[0;39m &amp#27;[2m[           main]&amp#27;[0;39m &amp#27;[2m&amp#27;[0;39m&amp#27;[36morg.hibernate.SQL                       &amp#27;[0;39m &amp#27;[2m:&amp#27;[0;39m insert into menu_item (available,category,description,name,price,spice_level,id) values (?,?,?,?,?,?,default)
&amp#27;[2m2025-06-30T22:32:38.750+02:00&amp#27;[0;39m &amp#27;[32mDEBUG&amp#27;[0;39m &amp#27;[35m60787&amp#27;[0;39m &amp#27;[2m---&amp#27;[0;39m &amp#27;[2m[           main]&amp#27;[0;39m &amp#27;[2m&amp#27;[0;39m&amp#27;[36morg.hibernate.SQL                       &amp#27;[0;39m &amp#27;[2m:&amp#27;[0;39m insert into menu_item (available,category,description,name,price,spice_level,id) values (?,?,?,?,?,?,default)
&amp#27;[2m2025-06-30T22:32:38.751+02:00&amp#27;[0;39m &amp#27;[32mDEBUG&amp#27;[0;39m &amp#27;[35m60787&amp#27;[0;39m &amp#27;[2m---&amp#27;[0;39m &amp#27;[2m[           main]&amp#27;[0;39m &amp#27;[2m&amp#27;[0;39m&amp#27;[36morg.hibernate.SQL                       &amp#27;[0;39m &amp#27;[2m:&amp#27;[0;39m insert into menu_item (available,category,description,name,price,spice_level,id) values (?,?,?,?,?,?,default)
✅ Menu items loaded from JSON
MenuItem(id=13, name=Hot Paneer Tikka, description=Grilled cottage cheese with spices., price=14.0, available=true, category=SNACKS, spiceLevel=null)
MenuItem(id=14, name=Spring Rolls, description=Crispy vegetable spring rolls served with sweet chili sauce., price=8.0, available=true, category=SNACKS, spiceLevel=null)
MenuItem(id=15, name=Chicken Wings, description=Spicy buffalo wings with a side of blue cheese dip., price=12.0, available=true, category=SNACKS, spiceLevel=null)
MenuItem(id=16, name=Spicy Chicken Curry, description=Hot and flavorful chicken curry., price=15.0, available=true, category=MAIN, spiceLevel=null)
MenuItem(id=17, name=Vegetable Biryani, description=Basmati rice with mixed vegetables., price=12.0, available=true, category=MAIN, spiceLevel=null)
MenuItem(id=18, name=Nihari, description=Meat curry with spices., price=20.0, available=true, category=MAIN, spiceLevel=null)
MenuItem(id=19, name=Butter Chicken, description=Creamy tomato-based chicken curry with butter., price=18.0, available=true, category=MAIN, spiceLevel=null)
MenuItem(id=20, name=Lamb Rogan Josh, description=Tender lamb cooked in aromatic spices., price=22.0, available=true, category=MAIN, spiceLevel=null)
MenuItem(id=21, name=Gulab Jamun, description=Soft fried dough balls soaked in rose syrup., price=6.0, available=true, category=DESSERT, spiceLevel=null)
MenuItem(id=22, name=Kulfi, description=Traditional Indian ice cream flavored with cardamom and pistachios., price=7.0, available=true, category=DESSERT, spiceLevel=null)
MenuItem(id=23, name=Mango Lassi, description=Sweet mango yogurt drink., price=5.0, available=true, category=DESSERT, spiceLevel=null)
&amp#27;[2m2025-06-30T22:32:38.759+02:00&amp#27;[0;39m &amp#27;[33m WARN&amp#27;[0;39m &amp#27;[35m60787&amp#27;[0;39m &amp#27;[2m---&amp#27;[0;39m &amp#27;[2m[           main]&amp#27;[0;39m &amp#27;[2m&amp#27;[0;39m&amp#27;[36mJpaBaseConfiguration$JpaWebConfiguration&amp#27;[0;39m &amp#27;[2m:&amp#27;[0;39m spring.jpa.open-in-view is enabled by default. Therefore, database queries may be performed during view rendering. Explicitly configure spring.jpa.open-in-view to disable this warning
&amp#27;[2m2025-06-30T22:32:38.771+02:00&amp#27;[0;39m &amp#27;[32m INFO&amp#27;[0;39m &amp#27;[35m60787&amp#27;[0;39m &amp#27;[2m---&amp#27;[0;39m &amp#27;[2m[           main]&amp#27;[0;39m &amp#27;[2m&amp#27;[0;39m&amp#27;[36mo.s.b.a.h2.H2ConsoleAutoConfiguration   &amp#27;[0;39m &amp#27;[2m:&amp#27;[0;39m H2 console available at '/h2-console'. Database available at 'jdbc:h2:mem:restaurantdb'
&amp#27;[2m2025-06-30T22:32:38.776+02:00&amp#27;[0;39m &amp#27;[32m INFO&amp#27;[0;39m &amp#27;[35m60787&amp#27;[0;39m &amp#27;[2m---&amp#27;[0;39m &amp#27;[2m[           main]&amp#27;[0;39m &amp#27;[2m&amp#27;[0;39m&amp#27;[36mc.e.r.mapper.MenuItemMapperTest         &amp#27;[0;39m &amp#27;[2m:&amp#27;[0;39m Started MenuItemMapperTest in 0.153 seconds (process running for 2.283)
]]></system-out>
  </testcase>
  <testcase name="testSpiceLevelToChilliesMapping" classname="com.example.restaurant.mapper.MenuItemMapperTest" time="0.0"/>
</testsuite>